\BOOKMARK [0][-]{chapter*.2}{Resumen}{}% 1
\BOOKMARK [0][-]{chapter*.3}{Abstract}{}% 2
\BOOKMARK [0][-]{chapter*.4}{\315ndice de Contenidos}{}% 3
\BOOKMARK [0][-]{chapter*.4}{\315ndice de Tablas}{}% 4
\BOOKMARK [0][-]{chapter*.5}{\315ndice de Figuras}{}% 5
\BOOKMARK [0][-]{chapter*.7}{Glosario}{}% 6
\BOOKMARK [0][-]{chapter.1}{Introducci\363n}{}% 7
\BOOKMARK [1][-]{section.1.1}{Definici\363n del problema}{chapter.1}% 8
\BOOKMARK [1][-]{section.1.2}{Objetivos}{chapter.1}% 9
\BOOKMARK [2][-]{subsection.1.2.1}{Objetivo principal}{section.1.2}% 10
\BOOKMARK [2][-]{subsection.1.2.2}{Objetivos espec\355ficos}{section.1.2}% 11
\BOOKMARK [1][-]{section.1.3}{Estructura del documento}{chapter.1}% 12
\BOOKMARK [0][-]{chapter.2}{Estado del Arte}{}% 13
\BOOKMARK [0][-]{chapter.3}{Herramientas Actuales}{}% 14
\BOOKMARK [0][-]{chapter.4}{An\341lisis Comparativo}{}% 15
\BOOKMARK [0][-]{chapter.5}{Implementaci\363n}{}% 16
\BOOKMARK [0][-]{chapter.6}{Conclusiones}{}% 17
\BOOKMARK [1][-]{section.6.1}{Conclusiones Generales}{chapter.6}% 18
\BOOKMARK [1][-]{section.6.2}{Conclusiones Espec\355ficas}{chapter.6}% 19
\BOOKMARK [1][-]{section.6.3}{Trabajo Futuro}{chapter.6}% 20
